0 info it worked if it ends with ok
1 verbose cli [ '/usr/bin/node', '/usr/bin/npm', 'install', 'doctor-js' ]
2 info using npm@1.1.61
3 info using node@v0.8.9
4 verbose read json /home/bob/Dropbox/workspace/arch-dev/gtd-bot/package.json
5 warn package.json gtd-bot@0.0.1 No README.md file found!
6 verbose read json /home/bob/Dropbox/workspace/arch-dev/gtd-bot/node_modules/buzz/package.json
7 verbose read json /home/bob/Dropbox/workspace/arch-dev/gtd-bot/node_modules/mocha/package.json
8 verbose read json /home/bob/Dropbox/workspace/arch-dev/gtd-bot/node_modules/run/package.json
9 verbose read json /home/bob/Dropbox/workspace/arch-dev/gtd-bot/node_modules/imap/package.json
10 verbose read json /home/bob/Dropbox/workspace/arch-dev/gtd-bot/node_modules/longjohn/package.json
11 verbose read json /home/bob/Dropbox/workspace/arch-dev/gtd-bot/node_modules/flow/package.json
12 verbose read json /home/bob/Dropbox/workspace/arch-dev/gtd-bot/node_modules/when/package.json
13 verbose read json /home/bob/Dropbox/workspace/arch-dev/gtd-bot/node_modules/jsprops/package.json
14 verbose read json /home/bob/Dropbox/workspace/arch-dev/gtd-bot/node_modules/watch-tree/package.json
15 verbose read json /home/bob/Dropbox/workspace/arch-dev/gtd-bot/node_modules/contracts.js/package.json
16 verbose from cache /home/bob/Dropbox/workspace/arch-dev/gtd-bot/package.json
17 verbose readDependencies using package.json deps
18 verbose cache add [ 'doctor-js', null ]
19 silly cache add name=undefined spec="doctor-js" args=["doctor-js",null]
20 verbose parsed url { pathname: 'doctor-js', path: 'doctor-js', href: 'doctor-js' }
21 silly lockFile 158ed56b-doctor-js doctor-js
22 verbose lock doctor-js /home/bob/.npm/158ed56b-doctor-js.lock
23 silly lockFile 158ed56b-doctor-js doctor-js
24 verbose addNamed [ 'doctor-js', '' ]
25 verbose addNamed [ null, '' ]
26 silly lockFile e1d0a423-doctor-js doctor-js@
27 verbose lock doctor-js@ /home/bob/.npm/e1d0a423-doctor-js.lock
28 silly addNameRange { name: 'doctor-js', range: '', hasData: false }
29 verbose url raw doctor-js
30 verbose url resolving [ 'https://registry.npmjs.org/', './doctor-js' ]
31 verbose url resolved https://registry.npmjs.org/doctor-js
32 info trying registry request attempt 1 at 00:47:48
33 http GET https://registry.npmjs.org/doctor-js
34 http 404 https://registry.npmjs.org/doctor-js
35 silly registry.get cb [ 404,
35 silly registry.get   { server: 'CouchDB/1.2.0 (Erlang OTP/R15B)',
35 silly registry.get     date: 'Wed, 03 Oct 2012 22:48:25 GMT',
35 silly registry.get     'content-type': 'application/json',
35 silly registry.get     'content-length': '52',
35 silly registry.get     'cache-control': 'must-revalidate' } ]
36 silly lockFile e1d0a423-doctor-js doctor-js@
37 error 404 'doctor-js' is not in the npm registry.
37 error 404 You should bug the author to publish it
37 error 404
37 error 404 Maybe try 'npm search doctor'
37 error 404
37 error 404 Note that you can also install from a
37 error 404 tarball, folder, or http url, or git url.
38 error System Linux 3.5.4-1-ARCH
39 error command "/usr/bin/node" "/usr/bin/npm" "install" "doctor-js"
40 error cwd /home/bob/Dropbox/workspace/arch-dev/gtd-bot/playground/gmail-typescript
41 error node -v v0.8.9
42 error npm -v 1.1.61
43 error code E404
44 verbose exit [ 1, true ]
